<?xml version="1.0" encoding="UTF-8"?>
<!-- Generated by org.testng.reporters.JUnitReportReporter -->
<testsuite hostname="ADMPC" name="saucedemo_test" tests="2" failures="0" timestamp="25 Apr 2019 13:01:52 GMT" time="1.895" errors="0">
  <testcase name="checkUserLoginList" time="0.286" classname="saucedemo_test"/>
  <testcase name="login" time="1.609" classname="saucedemo_test"/>
</testsuite> <!-- saucedemo_test -->
